<?xml version="1.0" encoding="UTF-8"?>
<!-- Generated by org.testng.reporters.JUnitReportReporter -->
<testsuite skipped="0" hostname="user-PC" name="generic.BaseTest" tests="1" failures="0" timestamp="20 Aug 2018 19:03:44 GMT" time="139.453" errors="0">
  <testcase name="openApplication" time="139.453" classname="generic.BaseTest"/>
</testsuite> <!-- generic.BaseTest -->
