<?xml version="1.0" encoding="UTF-8"?>
<!-- Generated by org.testng.reporters.JUnitReportReporter -->
<testsuite skipped="0" hostname="user-PC" name="scripts.TestHomePage" tests="2" failures="0" timestamp="22 Aug 2018 20:30:29 GMT" time="66.834" errors="0">
  <testcase name="clickOnHomePageLogo" time="0.385" classname="scripts.TestHomePage"/>
  <testcase name="launchAndPlayHiddenValleyGame" time="66.449" classname="scripts.TestHomePage"/>
</testsuite> <!-- scripts.TestHomePage -->
